TN:
SF:packages\button\index.ts
FN:6,Object.<anonymous>.button_vue_1.default.install
FNF:1
FNH:0
FNDA:0,Object.<anonymous>.button_vue_1.default.install
DA:1,1
DA:2,1
DA:3,1
DA:4,1
DA:5,1
DA:6,1
DA:7,0
DA:8,0
DA:9,1
LF:9
LH:7
BRF:0
BRH:0
end_of_record
TN:
SF:packages\button-group\src\button-group.vue
FNF:0
FNH:0
DA:1,1
DA:2,1
DA:3,1
DA:4,1
DA:5,1
DA:6,1
DA:7,1
DA:8,1
DA:9,1
DA:10,1
DA:11,1
DA:12,1
DA:13,1
LF:13
LH:13
BRF:0
BRH:0
end_of_record
TN:
SF:packages\button\src\button.vue
FN:24,validator
FN:45,setup
FN:57,handleClick
FNF:3
FNH:3
FNDA:9,validator
FNDA:9,setup
FNDA:1,handleClick
DA:1,1
DA:2,1
DA:3,1
DA:4,1
DA:5,1
DA:6,1
DA:7,1
DA:8,1
DA:9,1
DA:10,1
DA:11,1
DA:12,1
DA:13,1
DA:14,1
DA:15,1
DA:16,1
DA:17,1
DA:18,1
DA:19,1
DA:20,1
DA:21,1
DA:22,1
DA:23,1
DA:24,1
DA:25,9
DA:26,9
DA:27,9
DA:28,9
DA:29,9
DA:30,9
DA:31,9
DA:32,9
DA:33,9
DA:34,1
DA:35,1
DA:36,1
DA:37,1
DA:38,1
DA:39,1
DA:40,1
DA:41,1
DA:42,1
DA:43,1
DA:44,1
DA:45,1
DA:46,9
DA:47,9
DA:48,9
DA:49,9
DA:50,9
DA:51,9
DA:52,9
DA:53,9
DA:54,9
DA:55,9
DA:56,9
DA:57,9
DA:58,1
DA:59,9
DA:60,9
DA:61,9
DA:62,9
DA:63,9
DA:64,9
DA:65,1
DA:66,1
LF:66
LH:66
BRDA:24,0,0,9
BRDA:45,1,0,9
BRDA:46,2,0,9
BRDA:49,3,0,1
BRDA:49,4,0,8
BRDA:57,5,0,1
BRF:6
BRH:6
end_of_record
TN:
SF:packages\col\src\col.vue
FN:35,setup
FNF:1
FNH:1
FNDA:5,setup
DA:1,1
DA:2,1
DA:3,1
DA:4,1
DA:5,1
DA:6,1
DA:7,1
DA:8,1
DA:9,1
DA:10,1
DA:11,1
DA:12,1
DA:13,1
DA:14,1
DA:15,1
DA:16,1
DA:17,1
DA:18,1
DA:19,1
DA:20,1
DA:21,1
DA:22,1
DA:23,1
DA:24,1
DA:25,1
DA:26,1
DA:27,1
DA:28,1
DA:29,1
DA:30,1
DA:31,1
DA:32,1
DA:33,1
DA:34,1
DA:35,1
DA:36,5
DA:37,5
DA:38,5
DA:39,5
DA:40,5
DA:41,5
DA:42,5
DA:43,5
DA:44,5
DA:45,10
DA:46,10
DA:47,10
DA:48,10
DA:49,10
DA:50,10
DA:51,5
DA:52,5
DA:53,5
DA:54,5
DA:55,5
DA:56,25
DA:57,25
DA:58,25
DA:59,25
DA:60,25
DA:61,25
DA:62,25
DA:63,5
DA:64,5
DA:65,5
DA:66,5
DA:67,5
DA:68,5
DA:69,5
DA:70,5
DA:71,5
DA:72,5
DA:73,5
DA:74,5
DA:75,5
DA:76,5
DA:77,5
DA:78,5
DA:79,5
DA:80,5
DA:81,5
DA:82,5
DA:83,5
DA:84,5
DA:85,5
DA:86,1
DA:87,1
LF:87
LH:87
BRDA:35,0,0,5
BRDA:40,1,0,5
BRDA:44,2,0,10
BRDA:55,3,0,25
BRDA:69,4,0,5
BRDA:79,5,0,5
BRDA:83,6,0,0
BRF:7
BRH:6
end_of_record
TN:
SF:packages\icon\index.ts
FN:5,Object.<anonymous>.icon_vue_1.default.install
FNF:1
FNH:0
FNDA:0,Object.<anonymous>.icon_vue_1.default.install
DA:1,1
DA:2,1
DA:3,1
DA:4,1
DA:5,1
DA:6,0
DA:7,0
DA:8,1
LF:8
LH:6
BRF:0
BRH:0
end_of_record
TN:
SF:packages\icon\src\icon.vue
FN:23,fontSize
FNF:1
FNH:1
FNDA:5,fontSize
DA:1,1
DA:2,1
DA:3,1
DA:4,1
DA:5,1
DA:6,1
DA:7,1
DA:8,1
DA:9,1
DA:10,1
DA:11,1
DA:12,1
DA:13,1
DA:14,1
DA:15,1
DA:16,1
DA:17,1
DA:18,1
DA:19,1
DA:20,1
DA:21,1
DA:22,1
DA:23,1
DA:24,5
DA:25,1
DA:26,1
DA:27,0
DA:28,5
DA:29,5
DA:30,1
DA:31,1
DA:32,1
LF:32
LH:31
BRDA:23,0,0,5
BRDA:25,1,0,1
BRDA:27,2,0,0
BRDA:28,3,0,4
BRF:4
BRH:3
end_of_record
TN:
SF:packages\row\src\row.vue
FN:20,setup
FNF:1
FNH:1
FNDA:6,setup
DA:1,1
DA:2,1
DA:3,1
DA:4,1
DA:5,1
DA:6,1
DA:7,1
DA:8,1
DA:9,1
DA:10,1
DA:11,1
DA:12,1
DA:13,1
DA:14,1
DA:15,1
DA:16,1
DA:17,1
DA:18,1
DA:19,1
DA:20,1
DA:21,6
DA:22,6
DA:23,6
DA:24,6
DA:25,6
DA:26,6
DA:27,6
DA:28,6
DA:29,6
DA:30,6
DA:31,6
DA:32,6
DA:33,6
DA:34,6
DA:35,6
DA:36,6
DA:37,6
DA:38,1
DA:39,1
DA:40,1
DA:41,1
DA:42,6
DA:43,6
DA:44,6
DA:45,6
DA:46,6
DA:47,6
DA:48,6
DA:49,6
DA:50,6
DA:51,6
DA:52,1
DA:53,1
LF:53
LH:53
BRDA:20,0,0,6
BRDA:24,1,0,6
BRDA:27,2,0,1
BRDA:27,3,0,5
BRDA:31,4,0,6
BRDA:37,5,0,1
BRDA:45,6,0,6
BRDA:49,7,0,5
BRDA:49,8,0,1
BRF:9
BRH:9
end_of_record
